<?xml version="1.0" encoding="UTF-8"?>
<coverage generated="1774520348983" clover="3.2.0">
  <project timestamp="1774520348983" name="All files">
    <metrics statements="20" coveredstatements="7" conditionals="28" coveredconditionals="4" methods="11" coveredmethods="2" elements="59" coveredelements="13" complexity="0" loc="20" ncloc="20" packages="1" files="1" classes="1"/>
    <file name="filter.js" path="C:\fingering\src\utils\filter.js">
      <metrics statements="20" coveredstatements="7" conditionals="28" coveredconditionals="4" methods="11" coveredmethods="2"/>
      <line num="2" count="1" type="stmt"/>
      <line num="4" count="1" type="cond" truecount="1" falsecount="1"/>
      <line num="5" count="1" type="stmt"/>
      <line num="6" count="2" type="cond" truecount="1" falsecount="1"/>
      <line num="7" count="0" type="cond" truecount="0" falsecount="2"/>
      <line num="8" count="0" type="cond" truecount="0" falsecount="2"/>
      <line num="11" count="1" type="cond" truecount="1" falsecount="1"/>
      <line num="12" count="0" type="stmt"/>
      <line num="13" count="0" type="cond" truecount="0" falsecount="2"/>
      <line num="14" count="0" type="cond" truecount="0" falsecount="2"/>
      <line num="15" count="0" type="cond" truecount="0" falsecount="4"/>
      <line num="16" count="0" type="cond" truecount="0" falsecount="2"/>
      <line num="17" count="0" type="cond" truecount="0" falsecount="2"/>
      <line num="20" count="1" type="cond" truecount="1" falsecount="1"/>
      <line num="21" count="0" type="stmt"/>
      <line num="22" count="0" type="cond" truecount="0" falsecount="4"/>
      <line num="23" count="0" type="stmt"/>
      <line num="24" count="0" type="stmt"/>
      <line num="26" count="0" type="stmt"/>
      <line num="30" count="1" type="stmt"/>
    </file>
  </project>
</coverage>
