{"C:\\fingering\\src\\utils\\filter.js": {"path":"C:\\fingering\\src\\utils\\filter.js","statementMap":{"0":{"start":{"line":2,"column":15},"end":{"line":2,"column":26}},"1":{"start":{"line":4,"column":2},"end":{"line":9,"column":3}},"2":{"start":{"line":5,"column":14},"end":{"line":5,"column":32}},"3":{"start":{"line":6,"column":4},"end":{"line":8,"column":80}},"4":{"start":{"line":6,"column":28},"end":{"line":6,"column":74}},"5":{"start":{"line":6,"column":56},"end":{"line":6,"column":72}},"6":{"start":{"line":7,"column":9},"end":{"line":8,"column":80}},"7":{"start":{"line":7,"column":33},"end":{"line":7,"column":81}},"8":{"start":{"line":7,"column":61},"end":{"line":7,"column":79}},"9":{"start":{"line":8,"column":9},"end":{"line":8,"column":80}},"10":{"start":{"line":8,"column":33},"end":{"line":8,"column":80}},"11":{"start":{"line":8,"column":61},"end":{"line":8,"column":78}},"12":{"start":{"line":11,"column":2},"end":{"line":18,"column":3}},"13":{"start":{"line":12,"column":14},"end":{"line":12,"column":32}},"14":{"start":{"line":13,"column":4},"end":{"line":17,"column":87}},"15":{"start":{"line":13,"column":27},"end":{"line":13,"column":74}},"16":{"start":{"line":13,"column":55},"end":{"line":13,"column":72}},"17":{"start":{"line":14,"column":9},"end":{"line":17,"column":87}},"18":{"start":{"line":14,"column":40},"end":{"line":14,"column":96}},"19":{"start":{"line":14,"column":68},"end":{"line":14,"column":94}},"20":{"start":{"line":15,"column":9},"end":{"line":17,"column":87}},"21":{"start":{"line":15,"column":36},"end":{"line":15,"column":107}},"22":{"start":{"line":15,"column":64},"end":{"line":15,"column":105}},"23":{"start":{"line":16,"column":9},"end":{"line":17,"column":87}},"24":{"start":{"line":16,"column":35},"end":{"line":16,"column":86}},"25":{"start":{"line":16,"column":63},"end":{"line":16,"column":84}},"26":{"start":{"line":17,"column":9},"end":{"line":17,"column":87}},"27":{"start":{"line":17,"column":37},"end":{"line":17,"column":87}},"28":{"start":{"line":17,"column":65},"end":{"line":17,"column":85}},"29":{"start":{"line":20,"column":2},"end":{"line":28,"column":3}},"30":{"start":{"line":21,"column":14},"end":{"line":21,"column":34}},"31":{"start":{"line":22,"column":4},"end":{"line":27,"column":5}},"32":{"start":{"line":23,"column":18},"end":{"line":23,"column":29}},"33":{"start":{"line":24,"column":6},"end":{"line":24,"column":58}},"34":{"start":{"line":24,"column":34},"end":{"line":24,"column":56}},"35":{"start":{"line":26,"column":6},"end":{"line":26,"column":56}},"36":{"start":{"line":26,"column":34},"end":{"line":26,"column":54}},"37":{"start":{"line":30,"column":2},"end":{"line":30,"column":16}}},"fnMap":{"0":{"name":"applyFilterLogic","decl":{"start":{"line":1,"column":16},"end":{"line":1,"column":32}},"loc":{"start":{"line":1,"column":56},"end":{"line":31,"column":1}},"line":1},"1":{"name":"(anonymous_1)","decl":{"start":{"line":6,"column":51},"end":{"line":6,"column":52}},"loc":{"start":{"line":6,"column":56},"end":{"line":6,"column":72}},"line":6},"2":{"name":"(anonymous_2)","decl":{"start":{"line":7,"column":56},"end":{"line":7,"column":57}},"loc":{"start":{"line":7,"column":61},"end":{"line":7,"column":79}},"line":7},"3":{"name":"(anonymous_3)","decl":{"start":{"line":8,"column":56},"end":{"line":8,"column":57}},"loc":{"start":{"line":8,"column":61},"end":{"line":8,"column":78}},"line":8},"4":{"name":"(anonymous_4)","decl":{"start":{"line":13,"column":50},"end":{"line":13,"column":51}},"loc":{"start":{"line":13,"column":55},"end":{"line":13,"column":72}},"line":13},"5":{"name":"(anonymous_5)","decl":{"start":{"line":14,"column":63},"end":{"line":14,"column":64}},"loc":{"start":{"line":14,"column":68},"end":{"line":14,"column":94}},"line":14},"6":{"name":"(anonymous_6)","decl":{"start":{"line":15,"column":59},"end":{"line":15,"column":60}},"loc":{"start":{"line":15,"column":64},"end":{"line":15,"column":105}},"line":15},"7":{"name":"(anonymous_7)","decl":{"start":{"line":16,"column":58},"end":{"line":16,"column":59}},"loc":{"start":{"line":16,"column":63},"end":{"line":16,"column":84}},"line":16},"8":{"name":"(anonymous_8)","decl":{"start":{"line":17,"column":60},"end":{"line":17,"column":61}},"loc":{"start":{"line":17,"column":65},"end":{"line":17,"column":85}},"line":17},"9":{"name":"(anonymous_9)","decl":{"start":{"line":24,"column":29},"end":{"line":24,"column":30}},"loc":{"start":{"line":24,"column":34},"end":{"line":24,"column":56}},"line":24},"10":{"name":"(anonymous_10)","decl":{"start":{"line":26,"column":29},"end":{"line":26,"column":30}},"loc":{"start":{"line":26,"column":34},"end":{"line":26,"column":54}},"line":26}},"branchMap":{"0":{"loc":{"start":{"line":4,"column":2},"end":{"line":9,"column":3}},"type":"if","locations":[{"start":{"line":4,"column":2},"end":{"line":9,"column":3}},{"start":{},"end":{}}],"line":4},"1":{"loc":{"start":{"line":6,"column":4},"end":{"line":8,"column":80}},"type":"if","locations":[{"start":{"line":6,"column":4},"end":{"line":8,"column":80}},{"start":{"line":7,"column":9},"end":{"line":8,"column":80}}],"line":6},"2":{"loc":{"start":{"line":7,"column":9},"end":{"line":8,"column":80}},"type":"if","locations":[{"start":{"line":7,"column":9},"end":{"line":8,"column":80}},{"start":{"line":8,"column":9},"end":{"line":8,"column":80}}],"line":7},"3":{"loc":{"start":{"line":8,"column":9},"end":{"line":8,"column":80}},"type":"if","locations":[{"start":{"line":8,"column":9},"end":{"line":8,"column":80}},{"start":{},"end":{}}],"line":8},"4":{"loc":{"start":{"line":11,"column":2},"end":{"line":18,"column":3}},"type":"if","locations":[{"start":{"line":11,"column":2},"end":{"line":18,"column":3}},{"start":{},"end":{}}],"line":11},"5":{"loc":{"start":{"line":13,"column":4},"end":{"line":17,"column":87}},"type":"if","locations":[{"start":{"line":13,"column":4},"end":{"line":17,"column":87}},{"start":{"line":14,"column":9},"end":{"line":17,"column":87}}],"line":13},"6":{"loc":{"start":{"line":14,"column":9},"end":{"line":17,"column":87}},"type":"if","locations":[{"start":{"line":14,"column":9},"end":{"line":17,"column":87}},{"start":{"line":15,"column":9},"end":{"line":17,"column":87}}],"line":14},"7":{"loc":{"start":{"line":15,"column":9},"end":{"line":17,"column":87}},"type":"if","locations":[{"start":{"line":15,"column":9},"end":{"line":17,"column":87}},{"start":{"line":16,"column":9},"end":{"line":17,"column":87}}],"line":15},"8":{"loc":{"start":{"line":15,"column":64},"end":{"line":15,"column":105}},"type":"binary-expr","locations":[{"start":{"line":15,"column":64},"end":{"line":15,"column":83}},{"start":{"line":15,"column":87},"end":{"line":15,"column":105}}],"line":15},"9":{"loc":{"start":{"line":16,"column":9},"end":{"line":17,"column":87}},"type":"if","locations":[{"start":{"line":16,"column":9},"end":{"line":17,"column":87}},{"start":{"line":17,"column":9},"end":{"line":17,"column":87}}],"line":16},"10":{"loc":{"start":{"line":17,"column":9},"end":{"line":17,"column":87}},"type":"if","locations":[{"start":{"line":17,"column":9},"end":{"line":17,"column":87}},{"start":{},"end":{}}],"line":17},"11":{"loc":{"start":{"line":20,"column":2},"end":{"line":28,"column":3}},"type":"if","locations":[{"start":{"line":20,"column":2},"end":{"line":28,"column":3}},{"start":{},"end":{}}],"line":20},"12":{"loc":{"start":{"line":22,"column":4},"end":{"line":27,"column":5}},"type":"if","locations":[{"start":{"line":22,"column":4},"end":{"line":27,"column":5}},{"start":{"line":25,"column":11},"end":{"line":27,"column":5}}],"line":22},"13":{"loc":{"start":{"line":22,"column":8},"end":{"line":22,"column":51}},"type":"binary-expr","locations":[{"start":{"line":22,"column":8},"end":{"line":22,"column":24}},{"start":{"line":22,"column":28},"end":{"line":22,"column":51}}],"line":22}},"s":{"0":1,"1":1,"2":1,"3":1,"4":1,"5":2,"6":0,"7":0,"8":0,"9":0,"10":0,"11":0,"12":1,"13":0,"14":0,"15":0,"16":0,"17":0,"18":0,"19":0,"20":0,"21":0,"22":0,"23":0,"24":0,"25":0,"26":0,"27":0,"28":0,"29":1,"30":0,"31":0,"32":0,"33":0,"34":0,"35":0,"36":0,"37":1},"f":{"0":1,"1":2,"2":0,"3":0,"4":0,"5":0,"6":0,"7":0,"8":0,"9":0,"10":0},"b":{"0":[1,0],"1":[1,0],"2":[0,0],"3":[0,0],"4":[0,1],"5":[0,0],"6":[0,0],"7":[0,0],"8":[0,0],"9":[0,0],"10":[0,0],"11":[0,1],"12":[0,0],"13":[0,0]},"_coverageSchema":"1a1c01bbd47fc00a2c39e90264f33305004495a9","hash":"181bbbf8633fcb8b8e98fe4c25d407f25eb4a1f7"}
}
